Using pre-set license
Built from '2020.3/staging' branch; Version is '2020.3.26f1 (7298b473bc1a) revision 7510196'; Using compiler version '192528614'; Build Type 'Release'
OS: 'Windows 10  (10.0.19044) 64bit Core' Language: 'en' Physical Memory: 32674 MB
BatchMode: 1, IsHumanControllingUs: 0, StartBugReporterOnCrash: 0, Is64bit: 1, IsPro: 0

COMMAND LINE ARGUMENTS:
E:\unity\2020.3.26f1\Editor\Unity.exe
-adb2
-batchMode
-noUpm
-name
AssetImportWorker0
-projectPath
E:/USV_GGJ_2022/USV_GGJ_2022_2D
-logFile
Logs/AssetImportWorker0.log
-srvPort
50458
Successfully changed project path to: E:/USV_GGJ_2022/USV_GGJ_2022_2D
E:/USV_GGJ_2022/USV_GGJ_2022_2D
Using Asset Import Pipeline V2.
Refreshing native plugins compatible for Editor in 50.90 ms, found 3 plugins.
Preloading 0 native plugins for Editor in 0.00 ms.
Initialize engine version: 2020.3.26f1 (7298b473bc1a)
[Subsystems] Discovering subsystems at path E:/unity/2020.3.26f1/Editor/Data/Resources/UnitySubsystems
[Subsystems] Discovering subsystems at path E:/USV_GGJ_2022/USV_GGJ_2022_2D/Assets
GfxDevice: creating device client; threaded=0
Direct3D:
    Version:  Direct3D 11.0 [level 11.1]
    Renderer: NVIDIA GeForce RTX 3070 (ID=0x2484)
    Vendor:   
    VRAM:     8043 MB
    Driver:   30.0.15.1123
Initialize mono
Mono path[0] = 'E:/unity/2020.3.26f1/Editor/Data/Managed'
Mono path[1] = 'E:/unity/2020.3.26f1/Editor/Data/MonoBleedingEdge/lib/mono/unityjit'
Mono config path = 'E:/unity/2020.3.26f1/Editor/Data/MonoBleedingEdge/etc'
Using monoOptions --debugger-agent=transport=dt_socket,embedding=1,server=y,suspend=n,address=127.0.0.1:56224
Begin MonoManager ReloadAssembly
Registering precompiled unity dll's ...
Register platform support module: E:/unity/2020.3.26f1/Editor/Data/PlaybackEngines/WindowsStandaloneSupport/UnityEditor.WindowsStandalone.Extensions.dll
Registered in 0.004352 seconds.
Native extension for WindowsStandalone target not found
Refreshing native plugins compatible for Editor in 47.43 ms, found 3 plugins.
Preloading 0 native plugins for Editor in 0.00 ms.
Mono: successfully reloaded assembly
- Completed reload, in  0.555 seconds
Domain Reload Profiling:
	ReloadAssembly (555ms)
		BeginReloadAssembly (84ms)
			ExecutionOrderSort (0ms)
			DisableScriptedObjects (0ms)
			BackupInstance (0ms)
			ReleaseScriptingObjects (0ms)
			CreateAndSetChildDomain (1ms)
		EndReloadAssembly (397ms)
			LoadAssemblies (80ms)
			RebuildTransferFunctionScriptingTraits (0ms)
			SetupTypeCache (126ms)
			ReleaseScriptCaches (0ms)
			RebuildScriptCaches (24ms)
			SetupLoadedEditorAssemblies (153ms)
				LogAssemblyErrors (0ms)
				InitializePlatformSupportModulesInManaged (4ms)
				SetLoadedEditorAssemblies (0ms)
				RefreshPlugins (47ms)
				BeforeProcessingInitializeOnLoad (12ms)
				ProcessInitializeOnLoadAttributes (67ms)
				ProcessInitializeOnLoadMethodAttributes (22ms)
				AfterProcessingInitializeOnLoad (0ms)
				EditorAssembliesLoaded (0ms)
			ExecutionOrderSort2 (0ms)
			AwakeInstancesAfterBackupRestoration (0ms)
Platform modules already initialized, skipping
Registering precompiled user dll's ...
Registered in 0.004673 seconds.
Begin MonoManager ReloadAssembly
Native extension for WindowsStandalone target not found
Refreshing native plugins compatible for Editor in 45.91 ms, found 3 plugins.
Preloading 0 native plugins for Editor in 0.00 ms.
Mono: successfully reloaded assembly
- Completed reload, in  1.032 seconds
Domain Reload Profiling:
	ReloadAssembly (1033ms)
		BeginReloadAssembly (156ms)
			ExecutionOrderSort (0ms)
			DisableScriptedObjects (4ms)
			BackupInstance (0ms)
			ReleaseScriptingObjects (0ms)
			CreateAndSetChildDomain (15ms)
		EndReloadAssembly (812ms)
			LoadAssemblies (123ms)
			RebuildTransferFunctionScriptingTraits (0ms)
			SetupTypeCache (247ms)
			ReleaseScriptCaches (0ms)
			RebuildScriptCaches (38ms)
			SetupLoadedEditorAssemblies (328ms)
				LogAssemblyErrors (0ms)
				InitializePlatformSupportModulesInManaged (4ms)
				SetLoadedEditorAssemblies (0ms)
				RefreshPlugins (46ms)
				BeforeProcessingInitializeOnLoad (94ms)
				ProcessInitializeOnLoadAttributes (156ms)
				ProcessInitializeOnLoadMethodAttributes (14ms)
				AfterProcessingInitializeOnLoad (14ms)
				EditorAssembliesLoaded (0ms)
			ExecutionOrderSort2 (0ms)
			AwakeInstancesAfterBackupRestoration (5ms)
Platform modules already initialized, skipping
========================================================================
Worker process is ready to serve import requests
Launched and connected shader compiler UnityShaderCompiler.exe after 0.06 seconds
Refreshing native plugins compatible for Editor in 0.54 ms, found 3 plugins.
Preloading 0 native plugins for Editor in 0.00 ms.
Unloading 2196 Unused Serialized files (Serialized files now loaded: 0)
System memory in use before: 97.9 MB.
System memory in use after: 98.0 MB.

Unloading 25 unused Assets to reduce memory usage. Loaded Objects now: 2632.
Total: 2.394000 ms (FindLiveObjects: 0.140900 ms CreateObjectMapping: 0.068300 ms MarkObjects: 2.135500 ms  DeleteObjects: 0.048600 ms)

AssetImportParameters requested are different than current active one (requested -> active):
  custom:framework-win-MediaFoundation: 216162199b28c13a410421893ffa2e32 -> 
  custom:video-decoder-ogg-theora: a1e56fd34408186e4bbccfd4996cb3dc -> 
  custom:container-muxer-webm: aa71ff27fc2769a1b78a27578f13a17b -> 
  custom:container-demuxer-webm: 4f35f7cbe854078d1ac9338744f61a02 -> 
  custom:container-demuxer-ogg: 62fdf1f143b41e24485cea50d1cbac27 -> 
  custom:video-encoder-webm-vp8: eb34c28f22e8b96e1ab97ce403110664 -> 
  custom:video-decoder-webm-vp8: 9c59270c3fd7afecdb556c50c9e8de78 -> 
  custom:audio-decoder-ogg-vorbis: bf7c407c2cedff20999df2af8eb42d56 -> 
  custom:audio-encoder-webm-vorbis: bf7c407c2cedff20999df2af8eb42d56 -> 
========================================================================
Received Import Request.
  path: Assets/Scenes/Scene1.unity
  artifactKey: Guid(2cda990e2423bbf4892e6590ba056729) Importer(815301076,1909f56bfc062723c751e8b465ee728b)
Start importing Assets/Scenes/Scene1.unity using Guid(2cda990e2423bbf4892e6590ba056729) Importer(815301076,1909f56bfc062723c751e8b465ee728b)  -> (artifact id: '7422b0d0b6a1fbd80f43774d82a89fc0') in 0.013348 seconds 
  Import took 0.016168 seconds .

========================================================================
Received Import Request.
  Time since last request: 4.740534 seconds.
  path: Assets/Scenes/Scene2.unity
  artifactKey: Guid(c75a15504a1c37b43873fbf33a29031a) Importer(815301076,1909f56bfc062723c751e8b465ee728b)
Start importing Assets/Scenes/Scene2.unity using Guid(c75a15504a1c37b43873fbf33a29031a) Importer(815301076,1909f56bfc062723c751e8b465ee728b)  -> (artifact id: 'e74b99cb428c2c4652f81917c36f89bc') in 0.006971 seconds 
  Import took 0.010875 seconds .

========================================================================
Received Import Request.
  Time since last request: 3.535084 seconds.
  path: Assets/Scenes/Scene3.unity
  artifactKey: Guid(459baabac23495240a8226f697e315d7) Importer(815301076,1909f56bfc062723c751e8b465ee728b)
Start importing Assets/Scenes/Scene3.unity using Guid(459baabac23495240a8226f697e315d7) Importer(815301076,1909f56bfc062723c751e8b465ee728b)  -> (artifact id: '9cb3beaf16353fb1d3de47d7aacf93a6') in 0.007072 seconds 
  Import took 0.009971 seconds .

========================================================================
Received Import Request.
  Time since last request: 116.299100 seconds.
  path: Assets/RPGW_Caves/decorative.png
  artifactKey: Guid(ae9604bb7c83a7f4cb3ae2abd7a94dde) Importer(815301076,1909f56bfc062723c751e8b465ee728b)
Start importing Assets/RPGW_Caves/decorative.png using Guid(ae9604bb7c83a7f4cb3ae2abd7a94dde) Importer(815301076,1909f56bfc062723c751e8b465ee728b)  -> (artifact id: 'a6b77876b3989e58581d63b6e1908af1') in 0.120659 seconds 
  Import took 0.123760 seconds .

========================================================================
Received Import Request.
  Time since last request: 25.797545 seconds.
  path: Assets/RPGW_Caves/Sliced
  artifactKey: Guid(2583ae2598f98424c9e9527afeb3ce20) Importer(815301076,1909f56bfc062723c751e8b465ee728b)
Start importing Assets/RPGW_Caves/Sliced using Guid(2583ae2598f98424c9e9527afeb3ce20) Importer(815301076,1909f56bfc062723c751e8b465ee728b)  -> (artifact id: '15a652010fe2eeafdacf206e26d9d07e') in 0.007397 seconds 
  Import took 0.010638 seconds .

========================================================================
Received Import Request.
  Time since last request: 30.648376 seconds.
  path: Assets/RPGW_Caves
  artifactKey: Guid(3c8e721e33a7ddb4cb8ee6802a27735d) Importer(815301076,1909f56bfc062723c751e8b465ee728b)
Start importing Assets/RPGW_Caves using Guid(3c8e721e33a7ddb4cb8ee6802a27735d) Importer(815301076,1909f56bfc062723c751e8b465ee728b)  -> (artifact id: 'df86aae724f833f5b7556a7e34dbc0fe') in 0.006934 seconds 
  Import took 0.010024 seconds .

AssetImportWorkerClient::OnTransportError - code=2 error=End of file
